\BOOKMARK [0][]{chapter*.2}{Vorwort}{}% 1
\BOOKMARK [0][]{chapter.1}{Einf\374hrung}{}% 2
\BOOKMARK [0][]{chapter.2}{Das Spiel}{}% 3
\BOOKMARK [1][]{section.2.1}{Spielgeschichte}{chapter.2}% 4
\BOOKMARK [1][]{section.2.2}{Gameplay}{chapter.2}% 5
\BOOKMARK [2][]{subsection.2.2.1}{Ingame Interface}{section.2.2}% 6
\BOOKMARK [1][]{section.2.3}{Einheiten}{chapter.2}% 7
\BOOKMARK [2][]{subsection.2.3.1}{Geb\344ude}{section.2.3}% 8
\BOOKMARK [2][]{subsection.2.3.2}{Einheiten}{section.2.3}% 9
\BOOKMARK [2][]{subsection.2.3.3}{Natur}{section.2.3}% 10
\BOOKMARK [2][]{subsection.2.3.4}{Feindeinheiten}{section.2.3}% 11
\BOOKMARK [1][]{section.2.4}{Verbesserungen}{chapter.2}% 12
\BOOKMARK [1][]{section.2.5}{Technologie Baum}{chapter.2}% 13
\BOOKMARK [1][]{section.2.6}{Evolution des Spiels}{chapter.2}% 14
\BOOKMARK [1][]{section.2.7}{Musik und Ger\344usche}{chapter.2}% 15
\BOOKMARK [0][]{chapter.3}{Blender}{}% 16
\BOOKMARK [1][]{section.3.1}{Installation}{chapter.3}% 17
\BOOKMARK [1][]{section.3.2}{Mainmenu}{chapter.3}% 18
\BOOKMARK [1][]{section.3.3}{Einheiten modellieren}{chapter.3}% 19
\BOOKMARK [2][]{subsection.3.3.1}{Geb\344ude}{section.3.3}% 20
\BOOKMARK [2][]{subsection.3.3.2}{Einheiten}{section.3.3}% 21
\BOOKMARK [1][]{section.3.4}{Animationen}{chapter.3}% 22
\BOOKMARK [1][]{section.3.5}{Tastenk\374rzel}{chapter.3}% 23
\BOOKMARK [0][]{chapter.4}{Textures}{}% 24
\BOOKMARK [1][]{section.4.1}{Zeichnen mit einem Tablet}{chapter.4}% 25
\BOOKMARK [1][]{section.4.2}{Gimp}{chapter.4}% 26
\BOOKMARK [1][]{section.4.3}{Photoshop}{chapter.4}% 27
\BOOKMARK [0][]{chapter.5}{Website}{}% 28
\BOOKMARK [1][]{section.5.1}{Joomla! Installation}{chapter.5}% 29
\BOOKMARK [1][]{section.5.2}{\304nderung des Layouts}{chapter.5}% 30
\BOOKMARK [0][]{chapter.6}{Github}{}% 31
\BOOKMARK [1][]{section.6.1}{Installation}{chapter.6}% 32
\BOOKMARK [0][]{chapter.7}{Die CD}{}% 33
\BOOKMARK [0][]{chapter*.55}{Nachwort}{}% 34
\BOOKMARK [0][]{chapter*.56}{Quellen}{}% 35
